<?xml version="1.0" encoding="UTF-8"?>
<!-- Generated by org.testng.reporters.JUnitXMLReporter -->
<testsuite hostname="DESKTOP-L78C875" ignored="1" name="Surefire test" tests="3" failures="1" timestamp="17 Apr 2020 18:42:13 GMT" time="127.421" errors="0">
  <testcase name="testLogin" time="28.374" classname="BasecampWeb.SanityTests.BaseCampSanity"/>
  <testcase name="testAddNewProject" time="35.656" classname="BasecampWeb.SanityTests.BaseCampSanity">
    <failure type="java.lang.AssertionError" message="expected [4] but found [3]">
      <![CDATA[java.lang.AssertionError: expected [4] but found [3]
at Extensions.Web.Verifications.verifyNumberOfElementsProjectAdd(Verifications.java:36)
at BasecampWeb.SanityTests.BaseCampSanity.testAddNewProject(BaseCampSanity.java:34)
... Removed 36 stack frames]]>
    </failure>
  </testcase> <!-- testAddNewProject -->
  <testcase name="testRemoveAProject" time="37.68" classname="BasecampWeb.SanityTests.BaseCampSanity"/>
  <testcase name="testSignup" time="0.0" classname="BasecampWeb.SanityTests.BaseCampSanity">
    <ignored/>
  </testcase> <!-- testSignup -->
</testsuite> <!-- Surefire test -->
