{"name":"Update Last Created Team Name And Email","status":"failed","statusDetails":{"known":false,"muted":false,"flaky":false,"message":"expected [true] but found [false]","trace":"java.lang.AssertionError: expected [true] but found [false]\r\n\tat org.testng.Assert.fail(Assert.java:96)\r\n\tat org.testng.Assert.failNotEquals(Assert.java:776)\r\n\tat org.testng.Assert.assertTrue(Assert.java:44)\r\n\tat org.testng.Assert.assertTrue(Assert.java:54)\r\n\tat Extensions.API.Verifications.verifyLastCreatedTeamDetailsUpdate(Verifications.java:27)\r\n\tat GrafanaApi.ApiTests.updateTeamDetails(ApiTests.java:27)\r\n\tat java.base/jdk.internal.reflect.NativeMethodAccessorImpl.invoke0(Native Method)\r\n\tat java.base/jdk.internal.reflect.NativeMethodAccessorImpl.invoke(NativeMethodAccessorImpl.java:62)\r\n\tat java.base/jdk.internal.reflect.DelegatingMethodAccessorImpl.invoke(DelegatingMethodAccessorImpl.java:43)\r\n\tat java.base/java.lang.reflect.Method.invoke(Method.java:567)\r\n\tat org.testng.internal.MethodInvocationHelper.invokeMethod(MethodInvocationHelper.java:124)\r\n\tat org.testng.internal.Invoker.invokeMethod(Invoker.java:583)\r\n\tat org.testng.internal.Invoker.invokeTestMethod(Invoker.java:719)\r\n\tat org.testng.internal.Invoker.invokeTestMethods(Invoker.java:989)\r\n\tat org.testng.internal.TestMethodWorker.invokeTestMethods(TestMethodWorker.java:125)\r\n\tat org.testng.internal.TestMethodWorker.run(TestMethodWorker.java:109)\r\n\tat org.testng.TestRunner.privateRun(TestRunner.java:648)\r\n\tat org.testng.TestRunner.run(TestRunner.java:505)\r\n\tat org.testng.SuiteRunner.runTest(SuiteRunner.java:455)\r\n\tat org.testng.SuiteRunner.runSequentially(SuiteRunner.java:450)\r\n\tat org.testng.SuiteRunner.privateRun(SuiteRunner.java:415)\r\n\tat org.testng.SuiteRunner.run(SuiteRunner.java:364)\r\n\tat org.testng.SuiteRunnerWorker.runSuite(SuiteRunnerWorker.java:52)\r\n\tat org.testng.SuiteRunnerWorker.run(SuiteRunnerWorker.java:84)\r\n\tat org.testng.TestNG.runSuitesSequentially(TestNG.java:1208)\r\n\tat org.testng.TestNG.runSuitesLocally(TestNG.java:1137)\r\n\tat org.testng.TestNG.runSuites(TestNG.java:1049)\r\n\tat org.testng.TestNG.run(TestNG.java:1017)\r\n\tat org.testng.IDEARemoteTestNG.run(IDEARemoteTestNG.java:73)\r\n\tat org.testng.RemoteTestNGStarter.main(RemoteTestNGStarter.java:123)\r\n"},"stage":"finished","steps":[{"name":"Update Last Created Team Name And Email","status":"passed","stage":"finished","steps":[{"name":"Get The ID Of Last Created Team","status":"passed","stage":"finished","steps":[],"attachments":[],"parameters":[],"start":1581850589981,"stop":1581850592690},{"name":"Get Data From Server","status":"passed","stage":"finished","steps":[],"attachments":[],"parameters":[{"name":"queryValues","value":"/api/teams/19"}],"start":1581850592693,"stop":1581850592917},{"name":"Get The ID Of Last Created Team","status":"passed","stage":"finished","steps":[],"attachments":[],"parameters":[],"start":1581850637570,"stop":1581850638202},{"name":"Update Data In Server","status":"passed","stage":"finished","steps":[],"attachments":[],"parameters":[{"name":"params","value":"{\"name\":\"Humphreys-AFTER_CHANGE\",\"email\":\"Humphreys636@hotmail.com-AFTER_CHANGE\"}"},{"name":"resource","value":"/api/teams/19"}],"start":1581850638231,"stop":1581850639144}],"attachments":[],"parameters":[],"start":1581850589964,"stop":1581850643901},{"name":"Verify Details Update For Last Created Team","status":"failed","statusDetails":{"known":false,"muted":false,"flaky":false,"message":"expected [true] but found [false]","trace":"java.lang.AssertionError: expected [true] but found [false]\r\n\tat org.testng.Assert.fail(Assert.java:96)\r\n\tat org.testng.Assert.failNotEquals(Assert.java:776)\r\n\tat org.testng.Assert.assertTrue(Assert.java:44)\r\n\tat org.testng.Assert.assertTrue(Assert.java:54)\r\n\tat Extensions.API.Verifications.verifyLastCreatedTeamDetailsUpdate(Verifications.java:27)\r\n\tat GrafanaApi.ApiTests.updateTeamDetails(ApiTests.java:27)\r\n\tat java.base/jdk.internal.reflect.NativeMethodAccessorImpl.invoke0(Native Method)\r\n\tat java.base/jdk.internal.reflect.NativeMethodAccessorImpl.invoke(NativeMethodAccessorImpl.java:62)\r\n\tat java.base/jdk.internal.reflect.DelegatingMethodAccessorImpl.invoke(DelegatingMethodAccessorImpl.java:43)\r\n\tat java.base/java.lang.reflect.Method.invoke(Method.java:567)\r\n\tat org.testng.internal.MethodInvocationHelper.invokeMethod(MethodInvocationHelper.java:124)\r\n\tat org.testng.internal.Invoker.invokeMethod(Invoker.java:583)\r\n\tat org.testng.internal.Invoker.invokeTestMethod(Invoker.java:719)\r\n\tat org.testng.internal.Invoker.invokeTestMethods(Invoker.java:989)\r\n\tat org.testng.internal.TestMethodWorker.invokeTestMethods(TestMethodWorker.java:125)\r\n\tat org.testng.internal.TestMethodWorker.run(TestMethodWorker.java:109)\r\n\tat org.testng.TestRunner.privateRun(TestRunner.java:648)\r\n\tat org.testng.TestRunner.run(TestRunner.java:505)\r\n\tat org.testng.SuiteRunner.runTest(SuiteRunner.java:455)\r\n\tat org.testng.SuiteRunner.runSequentially(SuiteRunner.java:450)\r\n\tat org.testng.SuiteRunner.privateRun(SuiteRunner.java:415)\r\n\tat org.testng.SuiteRunner.run(SuiteRunner.java:364)\r\n\tat org.testng.SuiteRunnerWorker.runSuite(SuiteRunnerWorker.java:52)\r\n\tat org.testng.SuiteRunnerWorker.run(SuiteRunnerWorker.java:84)\r\n\tat org.testng.TestNG.runSuitesSequentially(TestNG.java:1208)\r\n\tat org.testng.TestNG.runSuitesLocally(TestNG.java:1137)\r\n\tat org.testng.TestNG.runSuites(TestNG.java:1049)\r\n\tat org.testng.TestNG.run(TestNG.java:1017)\r\n\tat org.testng.IDEARemoteTestNG.run(IDEARemoteTestNG.java:73)\r\n\tat org.testng.RemoteTestNGStarter.main(RemoteTestNGStarter.java:123)\r\n"},"stage":"finished","steps":[{"name":"Get The ID Of Last Created Team","status":"passed","stage":"finished","steps":[],"attachments":[],"parameters":[],"start":1581850646934,"stop":1581850647511},{"name":"Get Data From Server","status":"passed","stage":"finished","steps":[],"attachments":[],"parameters":[{"name":"queryValues","value":"/api/teams/19"}],"start":1581850647513,"stop":1581850647720}],"attachments":[],"parameters":[],"start":1581850646931,"stop":1581850782167}],"attachments":[],"parameters":[],"start":1581850589797,"stop":1581850782183,"uuid":"4d197c46-952b-4dcd-9b35-40f2463f8707","historyId":"3641d08aa65d822b21f70f3a116acf4e","fullName":"GrafanaApi.ApiTests.updateTeamDetails","labels":[{"name":"package","value":"GrafanaApi.ApiTests"},{"name":"testClass","value":"GrafanaApi.ApiTests"},{"name":"testMethod","value":"updateTeamDetails"},{"name":"parentSuite","value":"Default Suite"},{"name":"suite","value":"Basecamp_Project"},{"name":"subSuite","value":"GrafanaApi.ApiTests"},{"name":"host","value":"DESKTOP-L78C875"},{"name":"thread","value":"20896@DESKTOP-L78C875.main(1)"},{"name":"framework","value":"testng"},{"name":"language","value":"java"}],"links":[]}