{"name":"Test Get Team's Name From Server","status":"broken","statusDetails":{"known":false,"muted":false,"flaky":false,"message":"session not created\nfrom chrome not reachable\n  (Session info: chrome=79.0.3945.130)\nBuild info: version: '3.5.3', revision: 'a88d25fe6b', time: '2017-08-29T12:42:44.417Z'\nSystem info: host: 'DESKTOP-L78C875', ip: '192.168.71.2', os.name: 'Windows 10', os.arch: 'amd64', os.version: '10.0', java.version: '12.0.2'\nDriver info: driver.version: ChromeDriver\nremote stacktrace: Backtrace:\n\tOrdinal0 [0x0035A113+1548563]\n\tOrdinal0 [0x002DDDA1+1039777]\n\tOrdinal0 [0x0025E32E+516910]\n\tOrdinal0 [0x00258012+491538]\n\tOrdinal0 [0x002586EB+493291]\n\tOrdinal0 [0x00259855+497749]\n\tOrdinal0 [0x00255885+481413]\n\tOrdinal0 [0x0025F0D0+520400]\n\tOrdinal0 [0x0020C030+180272]\n\tOrdinal0 [0x0020B59D+177565]\n\tOrdinal0 [0x002095FB+169467]\n\tOrdinal0 [0x001F160A+71178]\n\tOrdinal0 [0x001F2690+75408]\n\tOrdinal0 [0x001F2629+75305]\n\tOrdinal0 [0x002F71B7+1143223]\n\tGetHandleVerifier [0x003F2B46+507814]\n\tGetHandleVerifier [0x003F2864+507076]\n\tGetHandleVerifier [0x003F9F47+537511]\n\tGetHandleVerifier [0x003F3402+510050]\n\tOrdinal0 [0x002EF29C+1110684]\n\tOrdinal0 [0x002F938B+1151883]\n\tOrdinal0 [0x002F94F3+1152243]\n\tOrdinal0 [0x002F83F5+1147893]\n\tBaseThreadInitThunk [0x770A6359+25]\n\tRtlGetAppContainerNamedObjectPath [0x77B77B74+228]\n\tRtlGetAppContainerNamedObjectPath [0x77B77B44+180]\n","trace":"org.openqa.selenium.SessionNotCreatedException: session not created\nfrom chrome not reachable\n  (Session info: chrome=79.0.3945.130)\nBuild info: version: '3.5.3', revision: 'a88d25fe6b', time: '2017-08-29T12:42:44.417Z'\nSystem info: host: 'DESKTOP-L78C875', ip: '192.168.71.2', os.name: 'Windows 10', os.arch: 'amd64', os.version: '10.0', java.version: '12.0.2'\nDriver info: driver.version: ChromeDriver\nremote stacktrace: Backtrace:\n\tOrdinal0 [0x0035A113+1548563]\n\tOrdinal0 [0x002DDDA1+1039777]\n\tOrdinal0 [0x0025E32E+516910]\n\tOrdinal0 [0x00258012+491538]\n\tOrdinal0 [0x002586EB+493291]\n\tOrdinal0 [0x00259855+497749]\n\tOrdinal0 [0x00255885+481413]\n\tOrdinal0 [0x0025F0D0+520400]\n\tOrdinal0 [0x0020C030+180272]\n\tOrdinal0 [0x0020B59D+177565]\n\tOrdinal0 [0x002095FB+169467]\n\tOrdinal0 [0x001F160A+71178]\n\tOrdinal0 [0x001F2690+75408]\n\tOrdinal0 [0x001F2629+75305]\n\tOrdinal0 [0x002F71B7+1143223]\n\tGetHandleVerifier [0x003F2B46+507814]\n\tGetHandleVerifier [0x003F2864+507076]\n\tGetHandleVerifier [0x003F9F47+537511]\n\tGetHandleVerifier [0x003F3402+510050]\n\tOrdinal0 [0x002EF29C+1110684]\n\tOrdinal0 [0x002F938B+1151883]\n\tOrdinal0 [0x002F94F3+1152243]\n\tOrdinal0 [0x002F83F5+1147893]\n\tBaseThreadInitThunk [0x770A6359+25]\n\tRtlGetAppContainerNamedObjectPath [0x77B77B74+228]\n\tRtlGetAppContainerNamedObjectPath [0x77B77B44+180]\n\r\n\tat java.base/jdk.internal.reflect.NativeConstructorAccessorImpl.newInstance0(Native Method)\r\n\tat java.base/jdk.internal.reflect.NativeConstructorAccessorImpl.newInstance(NativeConstructorAccessorImpl.java:62)\r\n\tat java.base/jdk.internal.reflect.DelegatingConstructorAccessorImpl.newInstance(DelegatingConstructorAccessorImpl.java:45)\r\n\tat java.base/java.lang.reflect.Constructor.newInstanceWithCaller(Constructor.java:500)\r\n\tat java.base/java.lang.reflect.Constructor.newInstance(Constructor.java:481)\r\n\tat org.openqa.selenium.remote.W3CHandshakeResponse.lambda$new$0(W3CHandshakeResponse.java:57)\r\n\tat org.openqa.selenium.remote.W3CHandshakeResponse.lambda$getResponseFunction$2(W3CHandshakeResponse.java:104)\r\n\tat org.openqa.selenium.remote.ProtocolHandshake.lambda$createSession$24(ProtocolHandshake.java:359)\r\n\tat java.base/java.util.stream.ReferencePipeline$3$1.accept(ReferencePipeline.java:195)\r\n\tat java.base/java.util.Spliterators$ArraySpliterator.tryAdvance(Spliterators.java:958)\r\n\tat java.base/java.util.stream.ReferencePipeline.forEachWithCancel(ReferencePipeline.java:127)\r\n\tat java.base/java.util.stream.AbstractPipeline.copyIntoWithCancel(AbstractPipeline.java:502)\r\n\tat java.base/java.util.stream.AbstractPipeline.copyInto(AbstractPipeline.java:488)\r\n\tat java.base/java.util.stream.AbstractPipeline.wrapAndCopyInto(AbstractPipeline.java:474)\r\n\tat java.base/java.util.stream.FindOps$FindOp.evaluateSequential(FindOps.java:150)\r\n\tat java.base/java.util.stream.AbstractPipeline.evaluate(AbstractPipeline.java:234)\r\n\tat java.base/java.util.stream.ReferencePipeline.findFirst(ReferencePipeline.java:543)\r\n\tat org.openqa.selenium.remote.ProtocolHandshake.createSession(ProtocolHandshake.java:362)\r\n\tat org.openqa.selenium.remote.ProtocolHandshake.createSession(ProtocolHandshake.java:136)\r\n\tat org.openqa.selenium.remote.HttpCommandExecutor.execute(HttpCommandExecutor.java:142)\r\n\tat org.openqa.selenium.remote.service.DriverCommandExecutor.execute(DriverCommandExecutor.java:82)\r\n\tat org.openqa.selenium.remote.RemoteWebDriver.execute(RemoteWebDriver.java:646)\r\n\tat org.openqa.selenium.remote.RemoteWebDriver.startSession(RemoteWebDriver.java:255)\r\n\tat org.openqa.selenium.remote.RemoteWebDriver.startSession(RemoteWebDriver.java:237)\r\n\tat org.openqa.selenium.remote.RemoteWebDriver.<init>(RemoteWebDriver.java:138)\r\n\tat org.openqa.selenium.chrome.ChromeDriver.<init>(ChromeDriver.java:178)\r\n\tat org.openqa.selenium.chrome.ChromeDriver.<init>(ChromeDriver.java:167)\r\n\tat org.openqa.selenium.chrome.ChromeDriver.<init>(ChromeDriver.java:124)\r\n\tat Utilities.CommonOps.initChromeDriver(CommonOps.java:56)\r\n\tat Utilities.CommonOps.initBrowser(CommonOps.java:34)\r\n\tat WorkFlows.ApiFlows.getTeamDetailFromUI(ApiFlows.java:62)\r\n\tat WorkFlows.ApiFlows.getRandomTeamDetails(ApiFlows.java:78)\r\n\tat GrafanaApi.ApiTests.getTeamName(ApiTests.java:16)\r\n\tat java.base/jdk.internal.reflect.NativeMethodAccessorImpl.invoke0(Native Method)\r\n\tat java.base/jdk.internal.reflect.NativeMethodAccessorImpl.invoke(NativeMethodAccessorImpl.java:62)\r\n\tat java.base/jdk.internal.reflect.DelegatingMethodAccessorImpl.invoke(DelegatingMethodAccessorImpl.java:43)\r\n\tat java.base/java.lang.reflect.Method.invoke(Method.java:567)\r\n\tat org.testng.internal.MethodInvocationHelper.invokeMethod(MethodInvocationHelper.java:124)\r\n\tat org.testng.internal.Invoker.invokeMethod(Invoker.java:583)\r\n\tat org.testng.internal.Invoker.invokeTestMethod(Invoker.java:719)\r\n\tat org.testng.internal.Invoker.invokeTestMethods(Invoker.java:989)\r\n\tat org.testng.internal.TestMethodWorker.invokeTestMethods(TestMethodWorker.java:125)\r\n\tat org.testng.internal.TestMethodWorker.run(TestMethodWorker.java:109)\r\n\tat org.testng.TestRunner.privateRun(TestRunner.java:648)\r\n\tat org.testng.TestRunner.run(TestRunner.java:505)\r\n\tat org.testng.SuiteRunner.runTest(SuiteRunner.java:455)\r\n\tat org.testng.SuiteRunner.runSequentially(SuiteRunner.java:450)\r\n\tat org.testng.SuiteRunner.privateRun(SuiteRunner.java:415)\r\n\tat org.testng.SuiteRunner.run(SuiteRunner.java:364)\r\n\tat org.testng.SuiteRunnerWorker.runSuite(SuiteRunnerWorker.java:52)\r\n\tat org.testng.SuiteRunnerWorker.run(SuiteRunnerWorker.java:84)\r\n\tat org.testng.TestNG.runSuitesSequentially(TestNG.java:1208)\r\n\tat org.testng.TestNG.runSuitesLocally(TestNG.java:1137)\r\n\tat org.testng.TestNG.runSuites(TestNG.java:1049)\r\n\tat org.testng.TestNG.run(TestNG.java:1017)\r\n\tat org.testng.IDEARemoteTestNG.run(IDEARemoteTestNG.java:73)\r\n\tat org.testng.RemoteTestNGStarter.main(RemoteTestNGStarter.java:123)\r\n"},"stage":"finished","steps":[{"name":"Get Random Existing Team Name and Email","status":"broken","statusDetails":{"known":false,"muted":false,"flaky":false,"message":"session not created\nfrom chrome not reachable\n  (Session info: chrome=79.0.3945.130)\nBuild info: version: '3.5.3', revision: 'a88d25fe6b', time: '2017-08-29T12:42:44.417Z'\nSystem info: host: 'DESKTOP-L78C875', ip: '192.168.71.2', os.name: 'Windows 10', os.arch: 'amd64', os.version: '10.0', java.version: '12.0.2'\nDriver info: driver.version: ChromeDriver\nremote stacktrace: Backtrace:\n\tOrdinal0 [0x0035A113+1548563]\n\tOrdinal0 [0x002DDDA1+1039777]\n\tOrdinal0 [0x0025E32E+516910]\n\tOrdinal0 [0x00258012+491538]\n\tOrdinal0 [0x002586EB+493291]\n\tOrdinal0 [0x00259855+497749]\n\tOrdinal0 [0x00255885+481413]\n\tOrdinal0 [0x0025F0D0+520400]\n\tOrdinal0 [0x0020C030+180272]\n\tOrdinal0 [0x0020B59D+177565]\n\tOrdinal0 [0x002095FB+169467]\n\tOrdinal0 [0x001F160A+71178]\n\tOrdinal0 [0x001F2690+75408]\n\tOrdinal0 [0x001F2629+75305]\n\tOrdinal0 [0x002F71B7+1143223]\n\tGetHandleVerifier [0x003F2B46+507814]\n\tGetHandleVerifier [0x003F2864+507076]\n\tGetHandleVerifier [0x003F9F47+537511]\n\tGetHandleVerifier [0x003F3402+510050]\n\tOrdinal0 [0x002EF29C+1110684]\n\tOrdinal0 [0x002F938B+1151883]\n\tOrdinal0 [0x002F94F3+1152243]\n\tOrdinal0 [0x002F83F5+1147893]\n\tBaseThreadInitThunk [0x770A6359+25]\n\tRtlGetAppContainerNamedObjectPath [0x77B77B74+228]\n\tRtlGetAppContainerNamedObjectPath [0x77B77B44+180]\n","trace":"org.openqa.selenium.SessionNotCreatedException: session not created\nfrom chrome not reachable\n  (Session info: chrome=79.0.3945.130)\nBuild info: version: '3.5.3', revision: 'a88d25fe6b', time: '2017-08-29T12:42:44.417Z'\nSystem info: host: 'DESKTOP-L78C875', ip: '192.168.71.2', os.name: 'Windows 10', os.arch: 'amd64', os.version: '10.0', java.version: '12.0.2'\nDriver info: driver.version: ChromeDriver\nremote stacktrace: Backtrace:\n\tOrdinal0 [0x0035A113+1548563]\n\tOrdinal0 [0x002DDDA1+1039777]\n\tOrdinal0 [0x0025E32E+516910]\n\tOrdinal0 [0x00258012+491538]\n\tOrdinal0 [0x002586EB+493291]\n\tOrdinal0 [0x00259855+497749]\n\tOrdinal0 [0x00255885+481413]\n\tOrdinal0 [0x0025F0D0+520400]\n\tOrdinal0 [0x0020C030+180272]\n\tOrdinal0 [0x0020B59D+177565]\n\tOrdinal0 [0x002095FB+169467]\n\tOrdinal0 [0x001F160A+71178]\n\tOrdinal0 [0x001F2690+75408]\n\tOrdinal0 [0x001F2629+75305]\n\tOrdinal0 [0x002F71B7+1143223]\n\tGetHandleVerifier [0x003F2B46+507814]\n\tGetHandleVerifier [0x003F2864+507076]\n\tGetHandleVerifier [0x003F9F47+537511]\n\tGetHandleVerifier [0x003F3402+510050]\n\tOrdinal0 [0x002EF29C+1110684]\n\tOrdinal0 [0x002F938B+1151883]\n\tOrdinal0 [0x002F94F3+1152243]\n\tOrdinal0 [0x002F83F5+1147893]\n\tBaseThreadInitThunk [0x770A6359+25]\n\tRtlGetAppContainerNamedObjectPath [0x77B77B74+228]\n\tRtlGetAppContainerNamedObjectPath [0x77B77B44+180]\n\r\n\tat java.base/jdk.internal.reflect.NativeConstructorAccessorImpl.newInstance0(Native Method)\r\n\tat java.base/jdk.internal.reflect.NativeConstructorAccessorImpl.newInstance(NativeConstructorAccessorImpl.java:62)\r\n\tat java.base/jdk.internal.reflect.DelegatingConstructorAccessorImpl.newInstance(DelegatingConstructorAccessorImpl.java:45)\r\n\tat java.base/java.lang.reflect.Constructor.newInstanceWithCaller(Constructor.java:500)\r\n\tat java.base/java.lang.reflect.Constructor.newInstance(Constructor.java:481)\r\n\tat org.openqa.selenium.remote.W3CHandshakeResponse.lambda$new$0(W3CHandshakeResponse.java:57)\r\n\tat org.openqa.selenium.remote.W3CHandshakeResponse.lambda$getResponseFunction$2(W3CHandshakeResponse.java:104)\r\n\tat org.openqa.selenium.remote.ProtocolHandshake.lambda$createSession$24(ProtocolHandshake.java:359)\r\n\tat java.base/java.util.stream.ReferencePipeline$3$1.accept(ReferencePipeline.java:195)\r\n\tat java.base/java.util.Spliterators$ArraySpliterator.tryAdvance(Spliterators.java:958)\r\n\tat java.base/java.util.stream.ReferencePipeline.forEachWithCancel(ReferencePipeline.java:127)\r\n\tat java.base/java.util.stream.AbstractPipeline.copyIntoWithCancel(AbstractPipeline.java:502)\r\n\tat java.base/java.util.stream.AbstractPipeline.copyInto(AbstractPipeline.java:488)\r\n\tat java.base/java.util.stream.AbstractPipeline.wrapAndCopyInto(AbstractPipeline.java:474)\r\n\tat java.base/java.util.stream.FindOps$FindOp.evaluateSequential(FindOps.java:150)\r\n\tat java.base/java.util.stream.AbstractPipeline.evaluate(AbstractPipeline.java:234)\r\n\tat java.base/java.util.stream.ReferencePipeline.findFirst(ReferencePipeline.java:543)\r\n\tat org.openqa.selenium.remote.ProtocolHandshake.createSession(ProtocolHandshake.java:362)\r\n\tat org.openqa.selenium.remote.ProtocolHandshake.createSession(ProtocolHandshake.java:136)\r\n\tat org.openqa.selenium.remote.HttpCommandExecutor.execute(HttpCommandExecutor.java:142)\r\n\tat org.openqa.selenium.remote.service.DriverCommandExecutor.execute(DriverCommandExecutor.java:82)\r\n\tat org.openqa.selenium.remote.RemoteWebDriver.execute(RemoteWebDriver.java:646)\r\n\tat org.openqa.selenium.remote.RemoteWebDriver.startSession(RemoteWebDriver.java:255)\r\n\tat org.openqa.selenium.remote.RemoteWebDriver.startSession(RemoteWebDriver.java:237)\r\n\tat org.openqa.selenium.remote.RemoteWebDriver.<init>(RemoteWebDriver.java:138)\r\n\tat org.openqa.selenium.chrome.ChromeDriver.<init>(ChromeDriver.java:178)\r\n\tat org.openqa.selenium.chrome.ChromeDriver.<init>(ChromeDriver.java:167)\r\n\tat org.openqa.selenium.chrome.ChromeDriver.<init>(ChromeDriver.java:124)\r\n\tat Utilities.CommonOps.initChromeDriver(CommonOps.java:56)\r\n\tat Utilities.CommonOps.initBrowser(CommonOps.java:34)\r\n\tat WorkFlows.ApiFlows.getTeamDetailFromUI(ApiFlows.java:62)\r\n\tat WorkFlows.ApiFlows.getRandomTeamDetails(ApiFlows.java:78)\r\n\tat GrafanaApi.ApiTests.getTeamName(ApiTests.java:16)\r\n\tat java.base/jdk.internal.reflect.NativeMethodAccessorImpl.invoke0(Native Method)\r\n\tat java.base/jdk.internal.reflect.NativeMethodAccessorImpl.invoke(NativeMethodAccessorImpl.java:62)\r\n\tat java.base/jdk.internal.reflect.DelegatingMethodAccessorImpl.invoke(DelegatingMethodAccessorImpl.java:43)\r\n\tat java.base/java.lang.reflect.Method.invoke(Method.java:567)\r\n\tat org.testng.internal.MethodInvocationHelper.invokeMethod(MethodInvocationHelper.java:124)\r\n\tat org.testng.internal.Invoker.invokeMethod(Invoker.java:583)\r\n\tat org.testng.internal.Invoker.invokeTestMethod(Invoker.java:719)\r\n\tat org.testng.internal.Invoker.invokeTestMethods(Invoker.java:989)\r\n\tat org.testng.internal.TestMethodWorker.invokeTestMethods(TestMethodWorker.java:125)\r\n\tat org.testng.internal.TestMethodWorker.run(TestMethodWorker.java:109)\r\n\tat org.testng.TestRunner.privateRun(TestRunner.java:648)\r\n\tat org.testng.TestRunner.run(TestRunner.java:505)\r\n\tat org.testng.SuiteRunner.runTest(SuiteRunner.java:455)\r\n\tat org.testng.SuiteRunner.runSequentially(SuiteRunner.java:450)\r\n\tat org.testng.SuiteRunner.privateRun(SuiteRunner.java:415)\r\n\tat org.testng.SuiteRunner.run(SuiteRunner.java:364)\r\n\tat org.testng.SuiteRunnerWorker.runSuite(SuiteRunnerWorker.java:52)\r\n\tat org.testng.SuiteRunnerWorker.run(SuiteRunnerWorker.java:84)\r\n\tat org.testng.TestNG.runSuitesSequentially(TestNG.java:1208)\r\n\tat org.testng.TestNG.runSuitesLocally(TestNG.java:1137)\r\n\tat org.testng.TestNG.runSuites(TestNG.java:1049)\r\n\tat org.testng.TestNG.run(TestNG.java:1017)\r\n\tat org.testng.IDEARemoteTestNG.run(IDEARemoteTestNG.java:73)\r\n\tat org.testng.RemoteTestNGStarter.main(RemoteTestNGStarter.java:123)\r\n"},"stage":"finished","steps":[{"name":"Get The Teams List Size From Grafana","status":"passed","stage":"finished","steps":[],"attachments":[],"parameters":[],"start":1582489496411,"stop":1582489499066},{"name":"Get team name from UI","status":"broken","statusDetails":{"known":false,"muted":false,"flaky":false,"message":"session not created\nfrom chrome not reachable\n  (Session info: chrome=79.0.3945.130)\nBuild info: version: '3.5.3', revision: 'a88d25fe6b', time: '2017-08-29T12:42:44.417Z'\nSystem info: host: 'DESKTOP-L78C875', ip: '192.168.71.2', os.name: 'Windows 10', os.arch: 'amd64', os.version: '10.0', java.version: '12.0.2'\nDriver info: driver.version: ChromeDriver\nremote stacktrace: Backtrace:\n\tOrdinal0 [0x0035A113+1548563]\n\tOrdinal0 [0x002DDDA1+1039777]\n\tOrdinal0 [0x0025E32E+516910]\n\tOrdinal0 [0x00258012+491538]\n\tOrdinal0 [0x002586EB+493291]\n\tOrdinal0 [0x00259855+497749]\n\tOrdinal0 [0x00255885+481413]\n\tOrdinal0 [0x0025F0D0+520400]\n\tOrdinal0 [0x0020C030+180272]\n\tOrdinal0 [0x0020B59D+177565]\n\tOrdinal0 [0x002095FB+169467]\n\tOrdinal0 [0x001F160A+71178]\n\tOrdinal0 [0x001F2690+75408]\n\tOrdinal0 [0x001F2629+75305]\n\tOrdinal0 [0x002F71B7+1143223]\n\tGetHandleVerifier [0x003F2B46+507814]\n\tGetHandleVerifier [0x003F2864+507076]\n\tGetHandleVerifier [0x003F9F47+537511]\n\tGetHandleVerifier [0x003F3402+510050]\n\tOrdinal0 [0x002EF29C+1110684]\n\tOrdinal0 [0x002F938B+1151883]\n\tOrdinal0 [0x002F94F3+1152243]\n\tOrdinal0 [0x002F83F5+1147893]\n\tBaseThreadInitThunk [0x770A6359+25]\n\tRtlGetAppContainerNamedObjectPath [0x77B77B74+228]\n\tRtlGetAppContainerNamedObjectPath [0x77B77B44+180]\n","trace":"org.openqa.selenium.SessionNotCreatedException: session not created\nfrom chrome not reachable\n  (Session info: chrome=79.0.3945.130)\nBuild info: version: '3.5.3', revision: 'a88d25fe6b', time: '2017-08-29T12:42:44.417Z'\nSystem info: host: 'DESKTOP-L78C875', ip: '192.168.71.2', os.name: 'Windows 10', os.arch: 'amd64', os.version: '10.0', java.version: '12.0.2'\nDriver info: driver.version: ChromeDriver\nremote stacktrace: Backtrace:\n\tOrdinal0 [0x0035A113+1548563]\n\tOrdinal0 [0x002DDDA1+1039777]\n\tOrdinal0 [0x0025E32E+516910]\n\tOrdinal0 [0x00258012+491538]\n\tOrdinal0 [0x002586EB+493291]\n\tOrdinal0 [0x00259855+497749]\n\tOrdinal0 [0x00255885+481413]\n\tOrdinal0 [0x0025F0D0+520400]\n\tOrdinal0 [0x0020C030+180272]\n\tOrdinal0 [0x0020B59D+177565]\n\tOrdinal0 [0x002095FB+169467]\n\tOrdinal0 [0x001F160A+71178]\n\tOrdinal0 [0x001F2690+75408]\n\tOrdinal0 [0x001F2629+75305]\n\tOrdinal0 [0x002F71B7+1143223]\n\tGetHandleVerifier [0x003F2B46+507814]\n\tGetHandleVerifier [0x003F2864+507076]\n\tGetHandleVerifier [0x003F9F47+537511]\n\tGetHandleVerifier [0x003F3402+510050]\n\tOrdinal0 [0x002EF29C+1110684]\n\tOrdinal0 [0x002F938B+1151883]\n\tOrdinal0 [0x002F94F3+1152243]\n\tOrdinal0 [0x002F83F5+1147893]\n\tBaseThreadInitThunk [0x770A6359+25]\n\tRtlGetAppContainerNamedObjectPath [0x77B77B74+228]\n\tRtlGetAppContainerNamedObjectPath [0x77B77B44+180]\n\r\n\tat java.base/jdk.internal.reflect.NativeConstructorAccessorImpl.newInstance0(Native Method)\r\n\tat java.base/jdk.internal.reflect.NativeConstructorAccessorImpl.newInstance(NativeConstructorAccessorImpl.java:62)\r\n\tat java.base/jdk.internal.reflect.DelegatingConstructorAccessorImpl.newInstance(DelegatingConstructorAccessorImpl.java:45)\r\n\tat java.base/java.lang.reflect.Constructor.newInstanceWithCaller(Constructor.java:500)\r\n\tat java.base/java.lang.reflect.Constructor.newInstance(Constructor.java:481)\r\n\tat org.openqa.selenium.remote.W3CHandshakeResponse.lambda$new$0(W3CHandshakeResponse.java:57)\r\n\tat org.openqa.selenium.remote.W3CHandshakeResponse.lambda$getResponseFunction$2(W3CHandshakeResponse.java:104)\r\n\tat org.openqa.selenium.remote.ProtocolHandshake.lambda$createSession$24(ProtocolHandshake.java:359)\r\n\tat java.base/java.util.stream.ReferencePipeline$3$1.accept(ReferencePipeline.java:195)\r\n\tat java.base/java.util.Spliterators$ArraySpliterator.tryAdvance(Spliterators.java:958)\r\n\tat java.base/java.util.stream.ReferencePipeline.forEachWithCancel(ReferencePipeline.java:127)\r\n\tat java.base/java.util.stream.AbstractPipeline.copyIntoWithCancel(AbstractPipeline.java:502)\r\n\tat java.base/java.util.stream.AbstractPipeline.copyInto(AbstractPipeline.java:488)\r\n\tat java.base/java.util.stream.AbstractPipeline.wrapAndCopyInto(AbstractPipeline.java:474)\r\n\tat java.base/java.util.stream.FindOps$FindOp.evaluateSequential(FindOps.java:150)\r\n\tat java.base/java.util.stream.AbstractPipeline.evaluate(AbstractPipeline.java:234)\r\n\tat java.base/java.util.stream.ReferencePipeline.findFirst(ReferencePipeline.java:543)\r\n\tat org.openqa.selenium.remote.ProtocolHandshake.createSession(ProtocolHandshake.java:362)\r\n\tat org.openqa.selenium.remote.ProtocolHandshake.createSession(ProtocolHandshake.java:136)\r\n\tat org.openqa.selenium.remote.HttpCommandExecutor.execute(HttpCommandExecutor.java:142)\r\n\tat org.openqa.selenium.remote.service.DriverCommandExecutor.execute(DriverCommandExecutor.java:82)\r\n\tat org.openqa.selenium.remote.RemoteWebDriver.execute(RemoteWebDriver.java:646)\r\n\tat org.openqa.selenium.remote.RemoteWebDriver.startSession(RemoteWebDriver.java:255)\r\n\tat org.openqa.selenium.remote.RemoteWebDriver.startSession(RemoteWebDriver.java:237)\r\n\tat org.openqa.selenium.remote.RemoteWebDriver.<init>(RemoteWebDriver.java:138)\r\n\tat org.openqa.selenium.chrome.ChromeDriver.<init>(ChromeDriver.java:178)\r\n\tat org.openqa.selenium.chrome.ChromeDriver.<init>(ChromeDriver.java:167)\r\n\tat org.openqa.selenium.chrome.ChromeDriver.<init>(ChromeDriver.java:124)\r\n\tat Utilities.CommonOps.initChromeDriver(CommonOps.java:56)\r\n\tat Utilities.CommonOps.initBrowser(CommonOps.java:34)\r\n\tat WorkFlows.ApiFlows.getTeamDetailFromUI(ApiFlows.java:62)\r\n\tat WorkFlows.ApiFlows.getRandomTeamDetails(ApiFlows.java:78)\r\n\tat GrafanaApi.ApiTests.getTeamName(ApiTests.java:16)\r\n\tat java.base/jdk.internal.reflect.NativeMethodAccessorImpl.invoke0(Native Method)\r\n\tat java.base/jdk.internal.reflect.NativeMethodAccessorImpl.invoke(NativeMethodAccessorImpl.java:62)\r\n\tat java.base/jdk.internal.reflect.DelegatingMethodAccessorImpl.invoke(DelegatingMethodAccessorImpl.java:43)\r\n\tat java.base/java.lang.reflect.Method.invoke(Method.java:567)\r\n\tat org.testng.internal.MethodInvocationHelper.invokeMethod(MethodInvocationHelper.java:124)\r\n\tat org.testng.internal.Invoker.invokeMethod(Invoker.java:583)\r\n\tat org.testng.internal.Invoker.invokeTestMethod(Invoker.java:719)\r\n\tat org.testng.internal.Invoker.invokeTestMethods(Invoker.java:989)\r\n\tat org.testng.internal.TestMethodWorker.invokeTestMethods(TestMethodWorker.java:125)\r\n\tat org.testng.internal.TestMethodWorker.run(TestMethodWorker.java:109)\r\n\tat org.testng.TestRunner.privateRun(TestRunner.java:648)\r\n\tat org.testng.TestRunner.run(TestRunner.java:505)\r\n\tat org.testng.SuiteRunner.runTest(SuiteRunner.java:455)\r\n\tat org.testng.SuiteRunner.runSequentially(SuiteRunner.java:450)\r\n\tat org.testng.SuiteRunner.privateRun(SuiteRunner.java:415)\r\n\tat org.testng.SuiteRunner.run(SuiteRunner.java:364)\r\n\tat org.testng.SuiteRunnerWorker.runSuite(SuiteRunnerWorker.java:52)\r\n\tat org.testng.SuiteRunnerWorker.run(SuiteRunnerWorker.java:84)\r\n\tat org.testng.TestNG.runSuitesSequentially(TestNG.java:1208)\r\n\tat org.testng.TestNG.runSuitesLocally(TestNG.java:1137)\r\n\tat org.testng.TestNG.runSuites(TestNG.java:1049)\r\n\tat org.testng.TestNG.run(TestNG.java:1017)\r\n\tat org.testng.IDEARemoteTestNG.run(IDEARemoteTestNG.java:73)\r\n\tat org.testng.RemoteTestNGStarter.main(RemoteTestNGStarter.java:123)\r\n"},"stage":"finished","steps":[],"attachments":[],"parameters":[{"name":"teamIndex","value":"6"}],"start":1582489499069,"stop":1582489515336}],"attachments":[],"parameters":[],"start":1582489496395,"stop":1582489515337}],"attachments":[],"parameters":[],"start":1582489496207,"stop":1582489515355,"uuid":"9e1e6ff1-012b-490d-9764-e1d0f7c229b9","historyId":"e50e8f39708a03566dcce1494631e63f","fullName":"GrafanaApi.ApiTests.getTeamName","labels":[{"name":"package","value":"GrafanaApi.ApiTests"},{"name":"testClass","value":"GrafanaApi.ApiTests"},{"name":"testMethod","value":"getTeamName"},{"name":"parentSuite","value":"Default Suite"},{"name":"suite","value":"Basecamp_Project"},{"name":"subSuite","value":"GrafanaApi.ApiTests"},{"name":"host","value":"DESKTOP-L78C875"},{"name":"thread","value":"13432@DESKTOP-L78C875.main(1)"},{"name":"framework","value":"testng"},{"name":"language","value":"java"}],"links":[]}