{"name":"Mobile Logout Sanity Test","status":"broken","statusDetails":{"known":false,"muted":false,"flaky":false,"message":"no such element (An element could not be located on the page using the given search parameters (ID='settings_logout_email'))  (WARNING: The server did not provide any stacktrace information)\nCommand duration or timeout: 0 milliseconds\nFor documentation on this error, please visit: http://seleniumhq.org/exceptions/no_such_element.html\nBuild info: version: '3.5.3', revision: 'a88d25fe6b', time: '2017-08-29T12:42:44.417Z'\nSystem info: host: 'DESKTOP-L78C875', ip: '192.168.71.2', os.name: 'Windows 10', os.arch: 'amd64', os.version: '10.0', java.version: '12.0.2'\nDriver info: org.openqa.selenium.remote.RemoteWebDriver\nCapabilities [{appPackage=com.basecamp.bc3, device.majorVersion=9, dontGoHomeOnQuit=false, device.os=Android, noReset=false, dontStopAppOnReset=false, reservationDuration=240, reportFormat=xml, fullReset=false, platform=ANDROID, deviceUDID=1e9ac294, install.only.for.update=false, desired={appPackage=com.basecamp.bc3, appActivity=.activities.HomeActivity, reportDirectory=reports, reportFormat=xml, udid=1e9ac294, Mobile App Test=Mobile App Test}, device.serialNumber=1e9ac294, locationServicesAuthorized=false, device.version=9, reportDirectory=reports, javascriptEnabled=true, autoWebview=false, udid=1e9ac294, platformName=ANDROID, testName=mobile test 02/08/20 10:14 PM, device.screenSize=1080x1920, useKeystore=false, test.type=Mobile, commandTimeouts=120000, device.manufacture=Xiaomi, instrumentApp=false, appiumVersion=1.8.0, device.category=PHONE, autoDismissAlerts=false, reportUrl=C:\\Users\\Ziv Gadri\\appiumstudio-reports\\reports\\test78, Mobile App Test=Mobile App Test, newSessionWaitTimeout=600, keystorePath=~/.android/debug.keystore, appActivity=.activities.HomeActivity, waitForDeviceTimeout=120000, device.model=MI 6, device.name=MI 6, autoGrantPermissions=false, takeScreenshots=true, projectName=, autoAcceptAlerts=false}]\nSession ID: c4ab2879-af47-4ca3-81e5-480359314c19\n*** Element info: {Using=id, value=settings_logout_email}","trace":"org.openqa.selenium.NoSuchElementException: no such element (An element could not be located on the page using the given search parameters (ID='settings_logout_email'))  (WARNING: The server did not provide any stacktrace information)\nCommand duration or timeout: 0 milliseconds\nFor documentation on this error, please visit: http://seleniumhq.org/exceptions/no_such_element.html\nBuild info: version: '3.5.3', revision: 'a88d25fe6b', time: '2017-08-29T12:42:44.417Z'\nSystem info: host: 'DESKTOP-L78C875', ip: '192.168.71.2', os.name: 'Windows 10', os.arch: 'amd64', os.version: '10.0', java.version: '12.0.2'\nDriver info: org.openqa.selenium.remote.RemoteWebDriver\nCapabilities [{appPackage=com.basecamp.bc3, device.majorVersion=9, dontGoHomeOnQuit=false, device.os=Android, noReset=false, dontStopAppOnReset=false, reservationDuration=240, reportFormat=xml, fullReset=false, platform=ANDROID, deviceUDID=1e9ac294, install.only.for.update=false, desired={appPackage=com.basecamp.bc3, appActivity=.activities.HomeActivity, reportDirectory=reports, reportFormat=xml, udid=1e9ac294, Mobile App Test=Mobile App Test}, device.serialNumber=1e9ac294, locationServicesAuthorized=false, device.version=9, reportDirectory=reports, javascriptEnabled=true, autoWebview=false, udid=1e9ac294, platformName=ANDROID, testName=mobile test 02/08/20 10:14 PM, device.screenSize=1080x1920, useKeystore=false, test.type=Mobile, commandTimeouts=120000, device.manufacture=Xiaomi, instrumentApp=false, appiumVersion=1.8.0, device.category=PHONE, autoDismissAlerts=false, reportUrl=C:\\Users\\Ziv Gadri\\appiumstudio-reports\\reports\\test78, Mobile App Test=Mobile App Test, newSessionWaitTimeout=600, keystorePath=~/.android/debug.keystore, appActivity=.activities.HomeActivity, waitForDeviceTimeout=120000, device.model=MI 6, device.name=MI 6, autoGrantPermissions=false, takeScreenshots=true, projectName=, autoAcceptAlerts=false}]\nSession ID: c4ab2879-af47-4ca3-81e5-480359314c19\n*** Element info: {Using=id, value=settings_logout_email}\r\n\tat java.base/jdk.internal.reflect.NativeConstructorAccessorImpl.newInstance0(Native Method)\r\n\tat java.base/jdk.internal.reflect.NativeConstructorAccessorImpl.newInstance(NativeConstructorAccessorImpl.java:62)\r\n\tat java.base/jdk.internal.reflect.DelegatingConstructorAccessorImpl.newInstance(DelegatingConstructorAccessorImpl.java:45)\r\n\tat java.base/java.lang.reflect.Constructor.newInstanceWithCaller(Constructor.java:500)\r\n\tat java.base/java.lang.reflect.Constructor.newInstance(Constructor.java:481)\r\n\tat org.openqa.selenium.remote.ErrorHandler.createThrowable(ErrorHandler.java:215)\r\n\tat org.openqa.selenium.remote.ErrorHandler.throwIfResponseFailed(ErrorHandler.java:167)\r\n\tat org.openqa.selenium.remote.http.JsonHttpResponseCodec.reconstructValue(JsonHttpResponseCodec.java:40)\r\n\tat org.openqa.selenium.remote.http.AbstractHttpResponseCodec.decode(AbstractHttpResponseCodec.java:82)\r\n\tat org.openqa.selenium.remote.http.AbstractHttpResponseCodec.decode(AbstractHttpResponseCodec.java:45)\r\n\tat org.openqa.selenium.remote.HttpCommandExecutor.execute(HttpCommandExecutor.java:164)\r\n\tat org.openqa.selenium.remote.RemoteWebDriver.execute(RemoteWebDriver.java:646)\r\n\tat org.openqa.selenium.remote.RemoteWebDriver.findElement(RemoteWebDriver.java:416)\r\n\tat org.openqa.selenium.remote.RemoteWebDriver.findElementById(RemoteWebDriver.java:462)\r\n\tat org.openqa.selenium.By$ById.findElement(By.java:218)\r\n\tat org.openqa.selenium.remote.RemoteWebDriver.findElement(RemoteWebDriver.java:408)\r\n\tat org.openqa.selenium.support.pagefactory.DefaultElementLocator.findElement(DefaultElementLocator.java:69)\r\n\tat org.openqa.selenium.support.pagefactory.internal.LocatingElementHandler.invoke(LocatingElementHandler.java:38)\r\n\tat com.sun.proxy.$Proxy14.click(Unknown Source)\r\n\tat Extensions.Mobile.UiActions.click(UiActions.java:10)\r\n\tat WorkFlows.MobileFlows.logout(MobileFlows.java:23)\r\n\tat SanityTests.BasecampMobileSanity.testLoguotMobile(BasecampMobileSanity.java:31)\r\n\tat java.base/jdk.internal.reflect.NativeMethodAccessorImpl.invoke0(Native Method)\r\n\tat java.base/jdk.internal.reflect.NativeMethodAccessorImpl.invoke(NativeMethodAccessorImpl.java:62)\r\n\tat java.base/jdk.internal.reflect.DelegatingMethodAccessorImpl.invoke(DelegatingMethodAccessorImpl.java:43)\r\n\tat java.base/java.lang.reflect.Method.invoke(Method.java:567)\r\n\tat org.testng.internal.MethodInvocationHelper.invokeMethod(MethodInvocationHelper.java:124)\r\n\tat org.testng.internal.Invoker.invokeMethod(Invoker.java:583)\r\n\tat org.testng.internal.Invoker.invokeTestMethod(Invoker.java:719)\r\n\tat org.testng.internal.Invoker.invokeTestMethods(Invoker.java:989)\r\n\tat org.testng.internal.TestMethodWorker.invokeTestMethods(TestMethodWorker.java:125)\r\n\tat org.testng.internal.TestMethodWorker.run(TestMethodWorker.java:109)\r\n\tat org.testng.TestRunner.privateRun(TestRunner.java:648)\r\n\tat org.testng.TestRunner.run(TestRunner.java:505)\r\n\tat org.testng.SuiteRunner.runTest(SuiteRunner.java:455)\r\n\tat org.testng.SuiteRunner.runSequentially(SuiteRunner.java:450)\r\n\tat org.testng.SuiteRunner.privateRun(SuiteRunner.java:415)\r\n\tat org.testng.SuiteRunner.run(SuiteRunner.java:364)\r\n\tat org.testng.SuiteRunnerWorker.runSuite(SuiteRunnerWorker.java:52)\r\n\tat org.testng.SuiteRunnerWorker.run(SuiteRunnerWorker.java:84)\r\n\tat org.testng.TestNG.runSuitesSequentially(TestNG.java:1208)\r\n\tat org.testng.TestNG.runSuitesLocally(TestNG.java:1137)\r\n\tat org.testng.TestNG.runSuites(TestNG.java:1049)\r\n\tat org.testng.TestNG.run(TestNG.java:1017)\r\n\tat org.testng.IDEARemoteTestNG.run(IDEARemoteTestNG.java:73)\r\n\tat org.testng.RemoteTestNGStarter.main(RemoteTestNGStarter.java:123)\r\n"},"stage":"finished","description":"Test description: Logging out user from the mobile app","steps":[{"name":"Logout from Application","status":"broken","statusDetails":{"known":false,"muted":false,"flaky":false,"message":"no such element (An element could not be located on the page using the given search parameters (ID='settings_logout_email'))  (WARNING: The server did not provide any stacktrace information)\nCommand duration or timeout: 0 milliseconds\nFor documentation on this error, please visit: http://seleniumhq.org/exceptions/no_such_element.html\nBuild info: version: '3.5.3', revision: 'a88d25fe6b', time: '2017-08-29T12:42:44.417Z'\nSystem info: host: 'DESKTOP-L78C875', ip: '192.168.71.2', os.name: 'Windows 10', os.arch: 'amd64', os.version: '10.0', java.version: '12.0.2'\nDriver info: org.openqa.selenium.remote.RemoteWebDriver\nCapabilities [{appPackage=com.basecamp.bc3, device.majorVersion=9, dontGoHomeOnQuit=false, device.os=Android, noReset=false, dontStopAppOnReset=false, reservationDuration=240, reportFormat=xml, fullReset=false, platform=ANDROID, deviceUDID=1e9ac294, install.only.for.update=false, desired={appPackage=com.basecamp.bc3, appActivity=.activities.HomeActivity, reportDirectory=reports, reportFormat=xml, udid=1e9ac294, Mobile App Test=Mobile App Test}, device.serialNumber=1e9ac294, locationServicesAuthorized=false, device.version=9, reportDirectory=reports, javascriptEnabled=true, autoWebview=false, udid=1e9ac294, platformName=ANDROID, testName=mobile test 02/08/20 10:14 PM, device.screenSize=1080x1920, useKeystore=false, test.type=Mobile, commandTimeouts=120000, device.manufacture=Xiaomi, instrumentApp=false, appiumVersion=1.8.0, device.category=PHONE, autoDismissAlerts=false, reportUrl=C:\\Users\\Ziv Gadri\\appiumstudio-reports\\reports\\test78, Mobile App Test=Mobile App Test, newSessionWaitTimeout=600, keystorePath=~/.android/debug.keystore, appActivity=.activities.HomeActivity, waitForDeviceTimeout=120000, device.model=MI 6, device.name=MI 6, autoGrantPermissions=false, takeScreenshots=true, projectName=, autoAcceptAlerts=false}]\nSession ID: c4ab2879-af47-4ca3-81e5-480359314c19\n*** Element info: {Using=id, value=settings_logout_email}","trace":"org.openqa.selenium.NoSuchElementException: no such element (An element could not be located on the page using the given search parameters (ID='settings_logout_email'))  (WARNING: The server did not provide any stacktrace information)\nCommand duration or timeout: 0 milliseconds\nFor documentation on this error, please visit: http://seleniumhq.org/exceptions/no_such_element.html\nBuild info: version: '3.5.3', revision: 'a88d25fe6b', time: '2017-08-29T12:42:44.417Z'\nSystem info: host: 'DESKTOP-L78C875', ip: '192.168.71.2', os.name: 'Windows 10', os.arch: 'amd64', os.version: '10.0', java.version: '12.0.2'\nDriver info: org.openqa.selenium.remote.RemoteWebDriver\nCapabilities [{appPackage=com.basecamp.bc3, device.majorVersion=9, dontGoHomeOnQuit=false, device.os=Android, noReset=false, dontStopAppOnReset=false, reservationDuration=240, reportFormat=xml, fullReset=false, platform=ANDROID, deviceUDID=1e9ac294, install.only.for.update=false, desired={appPackage=com.basecamp.bc3, appActivity=.activities.HomeActivity, reportDirectory=reports, reportFormat=xml, udid=1e9ac294, Mobile App Test=Mobile App Test}, device.serialNumber=1e9ac294, locationServicesAuthorized=false, device.version=9, reportDirectory=reports, javascriptEnabled=true, autoWebview=false, udid=1e9ac294, platformName=ANDROID, testName=mobile test 02/08/20 10:14 PM, device.screenSize=1080x1920, useKeystore=false, test.type=Mobile, commandTimeouts=120000, device.manufacture=Xiaomi, instrumentApp=false, appiumVersion=1.8.0, device.category=PHONE, autoDismissAlerts=false, reportUrl=C:\\Users\\Ziv Gadri\\appiumstudio-reports\\reports\\test78, Mobile App Test=Mobile App Test, newSessionWaitTimeout=600, keystorePath=~/.android/debug.keystore, appActivity=.activities.HomeActivity, waitForDeviceTimeout=120000, device.model=MI 6, device.name=MI 6, autoGrantPermissions=false, takeScreenshots=true, projectName=, autoAcceptAlerts=false}]\nSession ID: c4ab2879-af47-4ca3-81e5-480359314c19\n*** Element info: {Using=id, value=settings_logout_email}\r\n\tat java.base/jdk.internal.reflect.NativeConstructorAccessorImpl.newInstance0(Native Method)\r\n\tat java.base/jdk.internal.reflect.NativeConstructorAccessorImpl.newInstance(NativeConstructorAccessorImpl.java:62)\r\n\tat java.base/jdk.internal.reflect.DelegatingConstructorAccessorImpl.newInstance(DelegatingConstructorAccessorImpl.java:45)\r\n\tat java.base/java.lang.reflect.Constructor.newInstanceWithCaller(Constructor.java:500)\r\n\tat java.base/java.lang.reflect.Constructor.newInstance(Constructor.java:481)\r\n\tat org.openqa.selenium.remote.ErrorHandler.createThrowable(ErrorHandler.java:215)\r\n\tat org.openqa.selenium.remote.ErrorHandler.throwIfResponseFailed(ErrorHandler.java:167)\r\n\tat org.openqa.selenium.remote.http.JsonHttpResponseCodec.reconstructValue(JsonHttpResponseCodec.java:40)\r\n\tat org.openqa.selenium.remote.http.AbstractHttpResponseCodec.decode(AbstractHttpResponseCodec.java:82)\r\n\tat org.openqa.selenium.remote.http.AbstractHttpResponseCodec.decode(AbstractHttpResponseCodec.java:45)\r\n\tat org.openqa.selenium.remote.HttpCommandExecutor.execute(HttpCommandExecutor.java:164)\r\n\tat org.openqa.selenium.remote.RemoteWebDriver.execute(RemoteWebDriver.java:646)\r\n\tat org.openqa.selenium.remote.RemoteWebDriver.findElement(RemoteWebDriver.java:416)\r\n\tat org.openqa.selenium.remote.RemoteWebDriver.findElementById(RemoteWebDriver.java:462)\r\n\tat org.openqa.selenium.By$ById.findElement(By.java:218)\r\n\tat org.openqa.selenium.remote.RemoteWebDriver.findElement(RemoteWebDriver.java:408)\r\n\tat org.openqa.selenium.support.pagefactory.DefaultElementLocator.findElement(DefaultElementLocator.java:69)\r\n\tat org.openqa.selenium.support.pagefactory.internal.LocatingElementHandler.invoke(LocatingElementHandler.java:38)\r\n\tat com.sun.proxy.$Proxy14.click(Unknown Source)\r\n\tat Extensions.Mobile.UiActions.click(UiActions.java:10)\r\n\tat WorkFlows.MobileFlows.logout(MobileFlows.java:23)\r\n\tat SanityTests.BasecampMobileSanity.testLoguotMobile(BasecampMobileSanity.java:31)\r\n\tat java.base/jdk.internal.reflect.NativeMethodAccessorImpl.invoke0(Native Method)\r\n\tat java.base/jdk.internal.reflect.NativeMethodAccessorImpl.invoke(NativeMethodAccessorImpl.java:62)\r\n\tat java.base/jdk.internal.reflect.DelegatingMethodAccessorImpl.invoke(DelegatingMethodAccessorImpl.java:43)\r\n\tat java.base/java.lang.reflect.Method.invoke(Method.java:567)\r\n\tat org.testng.internal.MethodInvocationHelper.invokeMethod(MethodInvocationHelper.java:124)\r\n\tat org.testng.internal.Invoker.invokeMethod(Invoker.java:583)\r\n\tat org.testng.internal.Invoker.invokeTestMethod(Invoker.java:719)\r\n\tat org.testng.internal.Invoker.invokeTestMethods(Invoker.java:989)\r\n\tat org.testng.internal.TestMethodWorker.invokeTestMethods(TestMethodWorker.java:125)\r\n\tat org.testng.internal.TestMethodWorker.run(TestMethodWorker.java:109)\r\n\tat org.testng.TestRunner.privateRun(TestRunner.java:648)\r\n\tat org.testng.TestRunner.run(TestRunner.java:505)\r\n\tat org.testng.SuiteRunner.runTest(SuiteRunner.java:455)\r\n\tat org.testng.SuiteRunner.runSequentially(SuiteRunner.java:450)\r\n\tat org.testng.SuiteRunner.privateRun(SuiteRunner.java:415)\r\n\tat org.testng.SuiteRunner.run(SuiteRunner.java:364)\r\n\tat org.testng.SuiteRunnerWorker.runSuite(SuiteRunnerWorker.java:52)\r\n\tat org.testng.SuiteRunnerWorker.run(SuiteRunnerWorker.java:84)\r\n\tat org.testng.TestNG.runSuitesSequentially(TestNG.java:1208)\r\n\tat org.testng.TestNG.runSuitesLocally(TestNG.java:1137)\r\n\tat org.testng.TestNG.runSuites(TestNG.java:1049)\r\n\tat org.testng.TestNG.run(TestNG.java:1017)\r\n\tat org.testng.IDEARemoteTestNG.run(IDEARemoteTestNG.java:73)\r\n\tat org.testng.RemoteTestNGStarter.main(RemoteTestNGStarter.java:123)\r\n"},"stage":"finished","steps":[],"attachments":[],"parameters":[],"start":1581192874576,"stop":1581192876560}],"attachments":[{"name":"Page screenshot","source":"82cd579b-0a03-4c44-a517-10823a9d4290-attachment","type":"image/png"}],"parameters":[],"start":1581192874522,"stop":1581192877326,"uuid":"f6e2c477-945d-4f9e-9736-e3ed769e0b6b","historyId":"7a182af9b7315e256fc3c2275bb84676","fullName":"SanityTests.BasecampMobileSanity.testLoguotMobile","labels":[{"name":"package","value":"SanityTests.BasecampMobileSanity"},{"name":"testClass","value":"SanityTests.BasecampMobileSanity"},{"name":"testMethod","value":"testLoguotMobile"},{"name":"parentSuite","value":"Default Suite"},{"name":"suite","value":"Basecamp_Project"},{"name":"subSuite","value":"SanityTests.BasecampMobileSanity"},{"name":"host","value":"DESKTOP-L78C875"},{"name":"thread","value":"1764@DESKTOP-L78C875.main(1)"},{"name":"framework","value":"testng"},{"name":"language","value":"java"}],"links":[]}