{
  "uid" : "91b60112989537ee",
  "name" : "Add new project",
  "fullName" : "BasecampWeb.SanityTests.BaseCampSanity.testAddNewProject",
  "historyId" : "819da16facef78a450699d8265ecf203",
  "time" : {
    "start" : 1587148851624,
    "stop" : 1587148887745,
    "duration" : 36121
  },
  "description" : "Test description: Adding a new project",
  "descriptionHtml" : "<p>Test description: Adding a new project</p>\n",
  "status" : "failed",
  "statusMessage" : "expected [4] but found [3]",
  "statusTrace" : "java.lang.AssertionError: expected [4] but found [3]\r\n\tat org.testng.Assert.fail(Assert.java:96)\r\n\tat org.testng.Assert.failNotEquals(Assert.java:776)\r\n\tat org.testng.Assert.assertEqualsImpl(Assert.java:137)\r\n\tat org.testng.Assert.assertEquals(Assert.java:118)\r\n\tat org.testng.Assert.assertEquals(Assert.java:652)\r\n\tat org.testng.Assert.assertEquals(Assert.java:662)\r\n\tat Extensions.Web.Verifications.verifyNumberOfElementsProjectAdd(Verifications.java:36)\r\n\tat BasecampWeb.SanityTests.BaseCampSanity.testAddNewProject(BaseCampSanity.java:34)\r\n\tat sun.reflect.NativeMethodAccessorImpl.invoke0(Native Method)\r\n\tat sun.reflect.NativeMethodAccessorImpl.invoke(NativeMethodAccessorImpl.java:62)\r\n\tat sun.reflect.DelegatingMethodAccessorImpl.invoke(DelegatingMethodAccessorImpl.java:43)\r\n\tat java.lang.reflect.Method.invoke(Method.java:498)\r\n\tat org.testng.internal.MethodInvocationHelper.invokeMethod(MethodInvocationHelper.java:124)\r\n\tat org.testng.internal.Invoker.invokeMethod(Invoker.java:583)\r\n\tat org.testng.internal.Invoker.invokeTestMethod(Invoker.java:719)\r\n\tat org.testng.internal.Invoker.invokeTestMethods(Invoker.java:989)\r\n\tat org.testng.internal.TestMethodWorker.invokeTestMethods(TestMethodWorker.java:125)\r\n\tat org.testng.internal.TestMethodWorker.run(TestMethodWorker.java:109)\r\n\tat org.testng.TestRunner.privateRun(TestRunner.java:648)\r\n\tat org.testng.TestRunner.run(TestRunner.java:505)\r\n\tat org.testng.SuiteRunner.runTest(SuiteRunner.java:455)\r\n\tat org.testng.SuiteRunner.runSequentially(SuiteRunner.java:450)\r\n\tat org.testng.SuiteRunner.privateRun(SuiteRunner.java:415)\r\n\tat org.testng.SuiteRunner.run(SuiteRunner.java:364)\r\n\tat org.testng.SuiteRunnerWorker.runSuite(SuiteRunnerWorker.java:52)\r\n\tat org.testng.SuiteRunnerWorker.run(SuiteRunnerWorker.java:84)\r\n\tat org.testng.TestNG.runSuitesSequentially(TestNG.java:1208)\r\n\tat org.testng.TestNG.runSuitesLocally(TestNG.java:1137)\r\n\tat org.testng.TestNG.runSuites(TestNG.java:1049)\r\n\tat org.testng.TestNG.run(TestNG.java:1017)\r\n\tat org.apache.maven.surefire.testng.TestNGExecutor.run(TestNGExecutor.java:135)\r\n\tat org.apache.maven.surefire.testng.TestNGDirectoryTestSuite.executeSingleClass(TestNGDirectoryTestSuite.java:112)\r\n\tat org.apache.maven.surefire.testng.TestNGDirectoryTestSuite.execute(TestNGDirectoryTestSuite.java:99)\r\n\tat org.apache.maven.surefire.testng.TestNGProvider.invoke(TestNGProvider.java:146)\r\n\tat org.apache.maven.surefire.booter.ForkedBooter.invokeProviderInSameClassLoader(ForkedBooter.java:384)\r\n\tat org.apache.maven.surefire.booter.ForkedBooter.runSuitesInProcess(ForkedBooter.java:345)\r\n\tat org.apache.maven.surefire.booter.ForkedBooter.execute(ForkedBooter.java:126)\r\n\tat org.apache.maven.surefire.booter.ForkedBooter.main(ForkedBooter.java:418)\r\n",
  "flaky" : true,
  "newFailed" : false,
  "beforeStages" : [ {
    "name" : "startSession",
    "time" : {
      "start" : 1587148805942,
      "stop" : 1587148821354,
      "duration" : 15412
    },
    "description" : "",
    "status" : "passed",
    "steps" : [ ],
    "attachments" : [ ],
    "parameters" : [ ],
    "hasContent" : false,
    "stepsCount" : 0,
    "attachmentsCount" : 0,
    "shouldDisplayMessage" : false
  } ],
  "testStage" : {
    "description" : "Test description: Adding a new project",
    "status" : "failed",
    "statusMessage" : "expected [4] but found [3]",
    "statusTrace" : "java.lang.AssertionError: expected [4] but found [3]\r\n\tat org.testng.Assert.fail(Assert.java:96)\r\n\tat org.testng.Assert.failNotEquals(Assert.java:776)\r\n\tat org.testng.Assert.assertEqualsImpl(Assert.java:137)\r\n\tat org.testng.Assert.assertEquals(Assert.java:118)\r\n\tat org.testng.Assert.assertEquals(Assert.java:652)\r\n\tat org.testng.Assert.assertEquals(Assert.java:662)\r\n\tat Extensions.Web.Verifications.verifyNumberOfElementsProjectAdd(Verifications.java:36)\r\n\tat BasecampWeb.SanityTests.BaseCampSanity.testAddNewProject(BaseCampSanity.java:34)\r\n\tat sun.reflect.NativeMethodAccessorImpl.invoke0(Native Method)\r\n\tat sun.reflect.NativeMethodAccessorImpl.invoke(NativeMethodAccessorImpl.java:62)\r\n\tat sun.reflect.DelegatingMethodAccessorImpl.invoke(DelegatingMethodAccessorImpl.java:43)\r\n\tat java.lang.reflect.Method.invoke(Method.java:498)\r\n\tat org.testng.internal.MethodInvocationHelper.invokeMethod(MethodInvocationHelper.java:124)\r\n\tat org.testng.internal.Invoker.invokeMethod(Invoker.java:583)\r\n\tat org.testng.internal.Invoker.invokeTestMethod(Invoker.java:719)\r\n\tat org.testng.internal.Invoker.invokeTestMethods(Invoker.java:989)\r\n\tat org.testng.internal.TestMethodWorker.invokeTestMethods(TestMethodWorker.java:125)\r\n\tat org.testng.internal.TestMethodWorker.run(TestMethodWorker.java:109)\r\n\tat org.testng.TestRunner.privateRun(TestRunner.java:648)\r\n\tat org.testng.TestRunner.run(TestRunner.java:505)\r\n\tat org.testng.SuiteRunner.runTest(SuiteRunner.java:455)\r\n\tat org.testng.SuiteRunner.runSequentially(SuiteRunner.java:450)\r\n\tat org.testng.SuiteRunner.privateRun(SuiteRunner.java:415)\r\n\tat org.testng.SuiteRunner.run(SuiteRunner.java:364)\r\n\tat org.testng.SuiteRunnerWorker.runSuite(SuiteRunnerWorker.java:52)\r\n\tat org.testng.SuiteRunnerWorker.run(SuiteRunnerWorker.java:84)\r\n\tat org.testng.TestNG.runSuitesSequentially(TestNG.java:1208)\r\n\tat org.testng.TestNG.runSuitesLocally(TestNG.java:1137)\r\n\tat org.testng.TestNG.runSuites(TestNG.java:1049)\r\n\tat org.testng.TestNG.run(TestNG.java:1017)\r\n\tat org.apache.maven.surefire.testng.TestNGExecutor.run(TestNGExecutor.java:135)\r\n\tat org.apache.maven.surefire.testng.TestNGDirectoryTestSuite.executeSingleClass(TestNGDirectoryTestSuite.java:112)\r\n\tat org.apache.maven.surefire.testng.TestNGDirectoryTestSuite.execute(TestNGDirectoryTestSuite.java:99)\r\n\tat org.apache.maven.surefire.testng.TestNGProvider.invoke(TestNGProvider.java:146)\r\n\tat org.apache.maven.surefire.booter.ForkedBooter.invokeProviderInSameClassLoader(ForkedBooter.java:384)\r\n\tat org.apache.maven.surefire.booter.ForkedBooter.runSuitesInProcess(ForkedBooter.java:345)\r\n\tat org.apache.maven.surefire.booter.ForkedBooter.execute(ForkedBooter.java:126)\r\n\tat org.apache.maven.surefire.booter.ForkedBooter.main(ForkedBooter.java:418)\r\n",
    "steps" : [ {
      "name" : "Add new project",
      "time" : {
        "start" : 1587148851626,
        "stop" : 1587148885669,
        "duration" : 34043
      },
      "status" : "passed",
      "steps" : [ {
        "name" : "Sign in to Basecamp",
        "time" : {
          "start" : 1587148861866,
          "stop" : 1587148885633,
          "duration" : 23767
        },
        "status" : "passed",
        "steps" : [ ],
        "attachments" : [ ],
        "parameters" : [ {
          "name" : "userEmail",
          "value" : "ziv.automation@gmail.com"
        }, {
          "name" : "userPassword",
          "value" : "zivg1234"
        } ],
        "hasContent" : true,
        "stepsCount" : 0,
        "attachmentsCount" : 0,
        "shouldDisplayMessage" : false
      } ],
      "attachments" : [ ],
      "parameters" : [ {
        "name" : "projectName",
        "value" : "Jeanette17-04-2020"
      }, {
        "name" : "description",
        "value" : "Ela Mathew"
      } ],
      "hasContent" : true,
      "stepsCount" : 1,
      "attachmentsCount" : 0,
      "shouldDisplayMessage" : false
    } ],
    "attachments" : [ {
      "uid" : "c765c115fffaf425",
      "name" : "Page screenshot",
      "source" : "c765c115fffaf425.png",
      "type" : "image/png",
      "size" : 61453
    } ],
    "parameters" : [ ],
    "hasContent" : true,
    "stepsCount" : 2,
    "attachmentsCount" : 1,
    "shouldDisplayMessage" : true
  },
  "afterStages" : [ {
    "name" : "closeSession",
    "time" : {
      "start" : 1587148930342,
      "stop" : 1587148933052,
      "duration" : 2710
    },
    "description" : "",
    "status" : "passed",
    "steps" : [ ],
    "attachments" : [ ],
    "parameters" : [ ],
    "hasContent" : false,
    "stepsCount" : 0,
    "attachmentsCount" : 0,
    "shouldDisplayMessage" : false
  }, {
    "name" : "afterMethod",
    "time" : {
      "start" : 1587148887748,
      "stop" : 1587148889476,
      "duration" : 1728
    },
    "description" : "",
    "status" : "passed",
    "steps" : [ {
      "name" : "Sign out from Basecamp",
      "time" : {
        "start" : 1587148887767,
        "stop" : 1587148889476,
        "duration" : 1709
      },
      "status" : "passed",
      "steps" : [ ],
      "attachments" : [ ],
      "parameters" : [ ],
      "hasContent" : false,
      "stepsCount" : 0,
      "attachmentsCount" : 0,
      "shouldDisplayMessage" : false
    } ],
    "attachments" : [ ],
    "parameters" : [ ],
    "hasContent" : true,
    "stepsCount" : 1,
    "attachmentsCount" : 0,
    "shouldDisplayMessage" : false
  } ],
  "labels" : [ {
    "name" : "package",
    "value" : "BasecampWeb.SanityTests.BaseCampSanity"
  }, {
    "name" : "testClass",
    "value" : "BasecampWeb.SanityTests.BaseCampSanity"
  }, {
    "name" : "testMethod",
    "value" : "testAddNewProject"
  }, {
    "name" : "parentSuite",
    "value" : "Surefire suite"
  }, {
    "name" : "suite",
    "value" : "Surefire test"
  }, {
    "name" : "subSuite",
    "value" : "BasecampWeb.SanityTests.BaseCampSanity"
  }, {
    "name" : "host",
    "value" : "DESKTOP-L78C875"
  }, {
    "name" : "thread",
    "value" : "17468@DESKTOP-L78C875.main(1)"
  }, {
    "name" : "framework",
    "value" : "testng"
  }, {
    "name" : "language",
    "value" : "java"
  }, {
    "name" : "resultFormat",
    "value" : "allure2"
  } ],
  "parameters" : [ ],
  "links" : [ ],
  "hidden" : false,
  "retry" : false,
  "extra" : {
    "severity" : "normal",
    "retries" : [ {
      "uid" : "926cdffd34b3aff0",
      "status" : "passed",
      "time" : {
        "start" : 1587112934085,
        "stop" : 1587112977893,
        "duration" : 43808
      }
    }, {
      "uid" : "87206f92a03a780a",
      "status" : "passed",
      "time" : {
        "start" : 1587111610023,
        "stop" : 1587111651200,
        "duration" : 41177
      }
    }, {
      "uid" : "bff7b4257cc444a4",
      "status" : "skipped",
      "statusDetails" : "Expected condition failed: waiting for visibility of [[ChromeDriver: chrome on WINDOWS (ce94ba103703bddf5a6d29ac0311546f)] -> xpath: *//a[@href='/4392455/']] (tried for 10 second(s) with 500 milliseconds interval)\nBuild info: version: '3.141.59', revision: 'e82be7d358', time: '2018-11-14T08:17:03'\nSystem info: host: 'DESKTOP-L78C875', ip: '192.168.71.2', os.name: 'Windows 10', os.arch: 'amd64', os.version: '10.0', java.version: '12.0.2'\nDriver info: org.openqa.selenium.chrome.ChromeDriver\nCapabilities {acceptInsecureCerts: false, browserName: chrome, browserVersion: 80.0.3987.163, chrome: {chromedriverVersion: 80.0.3987.106 (f68069574609..., userDataDir: C:\\Users\\ZIVGAD~1\\AppData\\L...}, goog:chromeOptions: {debuggerAddress: localhost:49555}, javascriptEnabled: true, networkConnectionEnabled: false, pageLoadStrategy: normal, platform: WINDOWS, platformName: WINDOWS, proxy: Proxy(), setWindowRect: true, strictFileInteractability: false, timeouts: {implicit: 0, pageLoad: 300000, script: 30000}, unhandledPromptBehavior: dismiss and notify}\nSession ID: ce94ba103703bddf5a6d29ac0311546f",
      "time" : {
        "start" : 1587111326482,
        "stop" : 1587111326483,
        "duration" : 1
      }
    }, {
      "uid" : "b6c95d1358fd0ca3",
      "status" : "failed",
      "statusDetails" : "expected [4] but found [3]",
      "time" : {
        "start" : 1586944359068,
        "stop" : 1586944396317,
        "duration" : 37249
      }
    }, {
      "uid" : "f8ee3fe229637309",
      "status" : "passed",
      "time" : {
        "start" : 1586943973724,
        "stop" : 1586944014510,
        "duration" : 40786
      }
    } ],
    "categories" : [ {
      "name" : "Product defects",
      "matchedStatuses" : [ ],
      "flaky" : false
    } ],
    "history" : {
      "statistic" : {
        "failed" : 4,
        "broken" : 0,
        "skipped" : 0,
        "passed" : 6,
        "unknown" : 0,
        "total" : 10
      },
      "items" : [ {
        "uid" : "f8764cad2e55b277",
        "reportUrl" : "http://localhost:9090/job/Full%20Stack%20Final%20Project%20Web/35/allure/#testresult/f8764cad2e55b277",
        "status" : "failed",
        "statusDetails" : "expected [4] but found [3]",
        "time" : {
          "start" : 1587148851624,
          "stop" : 1587148887745,
          "duration" : 36121
        }
      }, {
        "uid" : "e7f1942251679c43",
        "reportUrl" : "http://localhost:9090/job/Full%20Stack%20Final%20Project%20Web/34/allure/#testresult/e7f1942251679c43",
        "status" : "failed",
        "statusDetails" : "expected [4] but found [3]",
        "time" : {
          "start" : 1587148851624,
          "stop" : 1587148887745,
          "duration" : 36121
        }
      }, {
        "uid" : "264f4d2e316ba8a7",
        "reportUrl" : "http://localhost:9090/job/Full%20Stack%20Final%20Project%20Web/33/allure/#testresult/264f4d2e316ba8a7",
        "status" : "passed",
        "time" : {
          "start" : 1587112934085,
          "stop" : 1587112977893,
          "duration" : 43808
        }
      }, {
        "uid" : "940acab80194cecc",
        "reportUrl" : "http://localhost:9090/job/Full%20Stack%20Final%20Project%20Web/32/allure/#testresult/940acab80194cecc",
        "status" : "passed",
        "time" : {
          "start" : 1587111610023,
          "stop" : 1587111651200,
          "duration" : 41177
        }
      }, {
        "uid" : "5cd4637446838b4",
        "reportUrl" : "http://localhost:9090/job/Full%20Stack%20Final%20Project%20Web/31/allure/#testresult/5cd4637446838b4",
        "status" : "passed",
        "time" : {
          "start" : 1587111610023,
          "stop" : 1587111651200,
          "duration" : 41177
        }
      }, {
        "uid" : "573aafa82311277b",
        "reportUrl" : "http://localhost:9090/job/Full%20Stack%20Final%20Project%20Web/30/allure/#testresult/573aafa82311277b",
        "status" : "failed",
        "statusDetails" : "expected [4] but found [3]",
        "time" : {
          "start" : 1586944359068,
          "stop" : 1586944396317,
          "duration" : 37249
        }
      }, {
        "uid" : "e231ffacc03fbc4f",
        "reportUrl" : "http://localhost:9090/job/Full%20Stack%20Final%20Project%20Web/29/allure/#testresult/e231ffacc03fbc4f",
        "status" : "passed",
        "time" : {
          "start" : 1586943973724,
          "stop" : 1586944014510,
          "duration" : 40786
        }
      }, {
        "uid" : "d63e785f8ea3bdf4",
        "reportUrl" : "http://localhost:9090/job/Full%20Stack%20Final%20Project%20Web/28/allure/#testresult/d63e785f8ea3bdf4",
        "status" : "passed",
        "time" : {
          "start" : 1586943973724,
          "stop" : 1586944014510,
          "duration" : 40786
        }
      }, {
        "uid" : "47dc35afc5ae7a59",
        "reportUrl" : "http://localhost:9090/job/Full%20Stack%20Final%20Project%20Web/27/allure/#testresult/47dc35afc5ae7a59",
        "status" : "passed",
        "time" : {
          "start" : 1586943973724,
          "stop" : 1586944014510,
          "duration" : 40786
        }
      } ]
    },
    "tags" : [ ]
  },
  "source" : "91b60112989537ee.json",
  "parameterValues" : [ ]
}